

Processing Rails::InfoController#properties (for 127.0.0.1 at 2010-05-20 00:16:41) [GET]
  [4;36;1mSQL (1.0ms)[0m   [0;1m SELECT name
 FROM sqlite_master
 WHERE type = 'table' AND NOT name = 'sqlite_sequence'
[0m
Completed in 98ms (View: 12, DB: 1) | 200 OK [http://localhost/rails/info/properties]


Processing HomeController#index (for 127.0.0.1 at 2010-05-20 00:16:49) [GET]
Rendering home/index
Completed in 32ms (View: 30, DB: 0) | 200 OK [http://localhost/home]


Processing HomeController#index (for 127.0.0.1 at 2010-05-20 00:16:52) [GET]
Rendering home/index
Completed in 4ms (View: 2, DB: 0) | 200 OK [http://localhost/home/index]


Processing HomeController#index (for 127.0.0.1 at 2010-05-20 00:29:33) [GET]
Rendering home/index
Completed in 15ms (View: 13, DB: 0) | 200 OK [http://localhost/]
  [4;36;1mSQL (1.0ms)[0m   [0;1m SELECT name
 FROM sqlite_master
 WHERE type = 'table' AND NOT name = 'sqlite_sequence'
[0m
  [4;35;1mSQL (10.7ms)[0m   [0mselect sqlite_version(*)[0m
  [4;36;1mSQL (37.1ms)[0m   [0;1mCREATE TABLE "schema_migrations" ("version" varchar(255) NOT NULL) [0m
  [4;35;1mSQL (58.6ms)[0m   [0mCREATE UNIQUE INDEX "unique_schema_migrations" ON "schema_migrations" ("version")[0m
  [4;36;1mSQL (1.0ms)[0m   [0;1m SELECT name
 FROM sqlite_master
 WHERE type = 'table' AND NOT name = 'sqlite_sequence'
[0m
  [4;35;1mSQL (0.0ms)[0m   [0mSELECT version FROM schema_migrations[0m
Migrating to CreatePosts (20100520073152)
  [4;36;1mSQL (2.0ms)[0m   [0;1mCREATE TABLE "posts" ("id" INTEGER PRIMARY KEY AUTOINCREMENT NOT NULL, "name" varchar(255), "title" varchar(255), "content" text, "created_at" datetime, "updated_at" datetime) [0m
  [4;35;1mSQL (1.0ms)[0m   [0mINSERT INTO schema_migrations (version) VALUES ('20100520073152')[0m
  [4;36;1mSQL (1.0ms)[0m   [0;1m SELECT name
 FROM sqlite_master
 WHERE type = 'table' AND NOT name = 'sqlite_sequence'
[0m
  [4;35;1mSQL (0.0ms)[0m   [0mSELECT version FROM schema_migrations[0m
  [4;36;1mSQL (1.0ms)[0m   [0;1m SELECT name
 FROM sqlite_master
 WHERE type = 'table' AND NOT name = 'sqlite_sequence'
[0m
  [4;35;1mSQL (0.0ms)[0m   [0mPRAGMA index_list("posts")[0m


Processing HomeController#index (for 127.0.0.1 at 2010-05-20 00:40:00) [GET]
Rendering home/index
Completed in 172ms (View: 170, DB: 0) | 200 OK [http://localhost/]


Processing PostsController#index (for 127.0.0.1 at 2010-05-20 00:40:03) [GET]
  [4;36;1mPost Load (1.0ms)[0m   [0;1mSELECT * FROM "posts" [0m
Rendering template within layouts/posts
Rendering posts/index
Completed in 2953ms (View: 2942, DB: 1) | 200 OK [http://localhost/posts]


Processing PostsController#new (for 127.0.0.1 at 2010-05-20 00:40:09) [GET]
Rendering template within layouts/posts
Rendering posts/new
Completed in 25ms (View: 16, DB: 0) | 200 OK [http://localhost/posts/new]


Processing PostsController#index (for 127.0.0.1 at 2010-05-20 00:40:47) [GET]
  [4;35;1mPost Load (1.0ms)[0m   [0mSELECT * FROM "posts" [0m
Rendering template within layouts/posts
Rendering posts/index
Completed in 12ms (View: 3, DB: 1) | 200 OK [http://localhost/posts]


Processing PostsController#new (for 127.0.0.1 at 2010-05-20 00:41:39) [GET]
Rendering template within layouts/posts
Rendering posts/new
Completed in 18ms (View: 8, DB: 0) | 200 OK [http://localhost/posts/new]


Processing PostsController#create (for 127.0.0.1 at 2010-05-20 00:42:06) [POST]
  Parameters: {"commit"=>"Create", "post"=>{"name"=>"Gautham", "title"=>"First One...", "content"=>"This is my first entry while living in the Rails World!"}, "authenticity_token"=>"pPLRCZPZDLxSJIxP54AoaT7X7aEpd/EoHf2IfjdZDGs="}
  [4;36;1mPost Create (6.8ms)[0m   [0;1mINSERT INTO "posts" ("name", "created_at", "title", "updated_at", "content") VALUES('Gautham', '2010-05-20 07:42:06', 'First One...', '2010-05-20 07:42:06', 'This is my first entry while living in the Rails World!')[0m
Redirected to http://localhost:3000/posts/1
Completed in 48ms (DB: 7) | 302 Found [http://localhost/posts]


Processing PostsController#show (for 127.0.0.1 at 2010-05-20 00:42:06) [GET]
  Parameters: {"id"=>"1"}
  [4;35;1mPost Load (1.0ms)[0m   [0mSELECT * FROM "posts" WHERE ("posts"."id" = 1) [0m
Rendering template within layouts/posts
Rendering posts/show
Completed in 25ms (View: 13, DB: 1) | 200 OK [http://localhost/posts/1]


Processing PostsController#index (for 127.0.0.1 at 2010-05-20 00:42:29) [GET]
  [4;36;1mPost Load (1.0ms)[0m   [0;1mSELECT * FROM "posts" [0m
Rendering template within layouts/posts
Rendering posts/index
Completed in 18ms (View: 9, DB: 1) | 200 OK [http://localhost/posts]


Processing PostsController#edit (for 127.0.0.1 at 2010-05-20 00:42:42) [GET]
  Parameters: {"id"=>"1"}
  [4;35;1mPost Load (0.0ms)[0m   [0mSELECT * FROM "posts" WHERE ("posts"."id" = 1) [0m
Rendering template within layouts/posts
Rendering posts/edit
Completed in 24ms (View: 15, DB: 0) | 200 OK [http://localhost/posts/1/edit]


Processing PostsController#update (for 127.0.0.1 at 2010-05-20 00:42:48) [PUT]
  Parameters: {"commit"=>"Update", "post"=>{"name"=>"Gautham", "title"=>"First One", "content"=>"There isn’t much to this file – but note that the Post class inherits from ActiveRecord::Base. Active Record supplies a great deal of functionality to your Rails models for free, including basic database CRUD (Create, Read, Update, Destroy) operations, data validation, as well as sophisticated search support and the ability to relate multiple models to one another."}, "authenticity_token"=>"pPLRCZPZDLxSJIxP54AoaT7X7aEpd/EoHf2IfjdZDGs=", "id"=>"1"}
  [4;36;1mPost Load (1.0ms)[0m   [0;1mSELECT * FROM "posts" WHERE ("posts"."id" = 1) [0m
  [4;35;1mPost Update (1.0ms)[0m   [0mUPDATE "posts" SET "updated_at" = '2010-05-20 07:42:48', "title" = 'First One', "content" = 'There isn’t much to this file – but note that the Post class inherits from ActiveRecord::Base. Active Record supplies a great deal of functionality to your Rails models for free, including basic database CRUD (Create, Read, Update, Destroy) operations, data validation, as well as sophisticated search support and the ability to relate multiple models to one another.' WHERE "id" = 1[0m
Redirected to http://localhost:3000/posts/1
Completed in 43ms (DB: 2) | 302 Found [http://localhost/posts/1]


Processing PostsController#show (for 127.0.0.1 at 2010-05-20 00:42:48) [GET]
  Parameters: {"id"=>"1"}
  [4;36;1mPost Load (1.0ms)[0m   [0;1mSELECT * FROM "posts" WHERE ("posts"."id" = 1) [0m
Rendering template within layouts/posts
Rendering posts/show
Completed in 16ms (View: 5, DB: 1) | 200 OK [http://localhost/posts/1]


Processing PostsController#index (for 127.0.0.1 at 2010-05-20 00:42:51) [GET]
  [4;35;1mPost Load (1.0ms)[0m   [0mSELECT * FROM "posts" [0m
Rendering template within layouts/posts
Rendering posts/index
Completed in 19ms (View: 10, DB: 1) | 200 OK [http://localhost/posts]


Processing PostsController#show (for 127.0.0.1 at 2010-05-20 00:42:58) [GET]
  Parameters: {"id"=>"1"}
  [4;36;1mPost Load (0.0ms)[0m   [0;1mSELECT * FROM "posts" WHERE ("posts"."id" = 1) [0m
Rendering template within layouts/posts
Rendering posts/show
Completed in 16ms (View: 6, DB: 0) | 200 OK [http://localhost/posts/1]


Processing PostsController#index (for 127.0.0.1 at 2010-05-20 00:43:00) [GET]
  [4;35;1mPost Load (1.0ms)[0m   [0mSELECT * FROM "posts" [0m
Rendering template within layouts/posts
Rendering posts/index
Completed in 20ms (View: 10, DB: 1) | 200 OK [http://localhost/posts]


Processing PostsController#destroy (for 127.0.0.1 at 2010-05-20 00:43:26) [DELETE]
  Parameters: {"authenticity_token"=>"pPLRCZPZDLxSJIxP54AoaT7X7aEpd/EoHf2IfjdZDGs=", "id"=>"1"}
  [4;36;1mPost Load (1.0ms)[0m   [0;1mSELECT * FROM "posts" WHERE ("posts"."id" = 1) [0m
  [4;35;1mPost Destroy (1.0ms)[0m   [0mDELETE FROM "posts" WHERE "id" = 1[0m
Redirected to http://localhost:3000/posts
Completed in 104ms (DB: 2) | 302 Found [http://localhost/posts/1]


Processing PostsController#index (for 127.0.0.1 at 2010-05-20 00:43:26) [GET]
  [4;36;1mPost Load (0.0ms)[0m   [0;1mSELECT * FROM "posts" [0m
Rendering template within layouts/posts
Rendering posts/index
Completed in 13ms (View: 4, DB: 0) | 200 OK [http://localhost/posts]


Processing HomeController#index (for 127.0.0.1 at 2010-05-20 00:44:13) [GET]
Rendering home/index
Completed in 4ms (View: 2, DB: 0) | 200 OK [http://localhost/]
